[0.371s] DEBUG:colcon:Command line arguments: ['/usr/bin/colcon', 'list', '-p', '--base-paths', '/home/mehmet/workspace3/src/open_vins', '--log-base', '/dev/null']
[0.371s] DEBUG:colcon:Parsed command line arguments: Namespace(log_base=None, log_level=None, verb_name='list', build_base='build', ignore_user_meta=False, metas=['./colcon.meta'], base_paths=['/home/mehmet/workspace3/src/open_vins', '--log-base', '/dev/null'], packages_ignore=None, packages_ignore_regex=None, paths=None, packages_up_to=None, packages_up_to_regex=None, packages_above=None, packages_above_and_dependencies=None, packages_above_depth=None, packages_select_by_dep=None, packages_skip_by_dep=None, packages_skip_up_to=None, packages_select_build_failed=False, packages_skip_build_finished=False, packages_select_test_failures=False, packages_skip_test_passed=False, packages_select=None, packages_skip=None, packages_select_regex=None, packages_skip_regex=None, packages_start=None, packages_end=None, allow_overriding=[], topological_order=False, names_only=False, paths_only=True, topological_graph=False, topological_graph_dot=False, topological_graph_density=False, topological_graph_legend=False, topological_graph_dot_cluster=False, topological_graph_dot_include_skipped=False, mixin_files=None, mixin=None, verb_parser=<colcon_mixin.mixin.mixin_argument.MixinArgumentDecorator object at 0x706a9fe9a650>, verb_extension=<colcon_package_information.verb.list.ListVerb object at 0x706a9fe99600>, main=<bound method ListVerb.main of <colcon_package_information.verb.list.ListVerb object at 0x706a9fe99600>>, mixin_verb=('list',))
[0.670s] Level 1:colcon.colcon_core.package_discovery:discover_packages(colcon_meta) check parameters
[0.671s] Level 1:colcon.colcon_core.package_discovery:discover_packages(recursive) check parameters
[0.671s] Level 1:colcon.colcon_core.package_discovery:discover_packages(ignore) check parameters
[0.671s] Level 1:colcon.colcon_core.package_discovery:discover_packages(path) check parameters
[0.671s] Level 1:colcon.colcon_core.package_discovery:discover_packages(recursive) discover
[0.671s] INFO:colcon.colcon_core.package_discovery:Crawling recursively for packages in '/home/mehmet/workspace3/src/open_vins', '/home/mehmet/workspace3/src/open_vins/--log-base', '/dev/null'
[0.671s] Level 1:colcon.colcon_core.package_identification:_identify(/home/mehmet/workspace3/src/open_vins) by extensions ['ignore', 'ignore_ament_install']
[0.671s] Level 1:colcon.colcon_core.package_identification:_identify(/home/mehmet/workspace3/src/open_vins) by extension 'ignore'
[0.671s] Level 1:colcon.colcon_core.package_identification:_identify(/home/mehmet/workspace3/src/open_vins) by extension 'ignore_ament_install'
[0.671s] Level 1:colcon.colcon_core.package_identification:_identify(/home/mehmet/workspace3/src/open_vins) by extensions ['colcon_pkg']
[0.671s] Level 1:colcon.colcon_core.package_identification:_identify(/home/mehmet/workspace3/src/open_vins) by extension 'colcon_pkg'
[0.671s] Level 1:colcon.colcon_core.package_identification:_identify(/home/mehmet/workspace3/src/open_vins) by extensions ['colcon_meta']
[0.671s] Level 1:colcon.colcon_core.package_identification:_identify(/home/mehmet/workspace3/src/open_vins) by extension 'colcon_meta'
[0.671s] Level 1:colcon.colcon_core.package_identification:_identify(/home/mehmet/workspace3/src/open_vins) by extensions ['ros']
[0.671s] Level 1:colcon.colcon_core.package_identification:_identify(/home/mehmet/workspace3/src/open_vins) by extension 'ros'
[0.684s] Level 1:colcon.colcon_core.package_identification:_identify(/home/mehmet/workspace3/src/open_vins) by extensions ['cmake', 'python']
[0.684s] Level 1:colcon.colcon_core.package_identification:_identify(/home/mehmet/workspace3/src/open_vins) by extension 'cmake'
[0.684s] Level 1:colcon.colcon_core.package_identification:_identify(/home/mehmet/workspace3/src/open_vins) by extension 'python'
[0.684s] Level 1:colcon.colcon_core.package_identification:_identify(/home/mehmet/workspace3/src/open_vins) by extensions ['python_setup_py']
[0.684s] Level 1:colcon.colcon_core.package_identification:_identify(/home/mehmet/workspace3/src/open_vins) by extension 'python_setup_py'
[0.685s] Level 1:colcon.colcon_core.package_identification:_identify(/home/mehmet/workspace3/src/open_vins/config) by extensions ['ignore', 'ignore_ament_install']
[0.685s] Level 1:colcon.colcon_core.package_identification:_identify(/home/mehmet/workspace3/src/open_vins/config) by extension 'ignore'
[0.685s] Level 1:colcon.colcon_core.package_identification:_identify(/home/mehmet/workspace3/src/open_vins/config) by extension 'ignore_ament_install'
[0.685s] Level 1:colcon.colcon_core.package_identification:_identify(/home/mehmet/workspace3/src/open_vins/config) by extensions ['colcon_pkg']
[0.685s] Level 1:colcon.colcon_core.package_identification:_identify(/home/mehmet/workspace3/src/open_vins/config) by extension 'colcon_pkg'
[0.685s] Level 1:colcon.colcon_core.package_identification:_identify(/home/mehmet/workspace3/src/open_vins/config) by extensions ['colcon_meta']
[0.685s] Level 1:colcon.colcon_core.package_identification:_identify(/home/mehmet/workspace3/src/open_vins/config) by extension 'colcon_meta'
[0.685s] Level 1:colcon.colcon_core.package_identification:_identify(/home/mehmet/workspace3/src/open_vins/config) by extensions ['ros']
[0.685s] Level 1:colcon.colcon_core.package_identification:_identify(/home/mehmet/workspace3/src/open_vins/config) by extension 'ros'
[0.685s] Level 1:colcon.colcon_core.package_identification:_identify(/home/mehmet/workspace3/src/open_vins/config) by extensions ['cmake', 'python']
[0.685s] Level 1:colcon.colcon_core.package_identification:_identify(/home/mehmet/workspace3/src/open_vins/config) by extension 'cmake'
[0.685s] Level 1:colcon.colcon_core.package_identification:_identify(/home/mehmet/workspace3/src/open_vins/config) by extension 'python'
[0.685s] Level 1:colcon.colcon_core.package_identification:_identify(/home/mehmet/workspace3/src/open_vins/config) by extensions ['python_setup_py']
[0.685s] Level 1:colcon.colcon_core.package_identification:_identify(/home/mehmet/workspace3/src/open_vins/config) by extension 'python_setup_py'
[0.685s] Level 1:colcon.colcon_core.package_identification:_identify(/home/mehmet/workspace3/src/open_vins/config/euroc_mav) by extensions ['ignore', 'ignore_ament_install']
[0.685s] Level 1:colcon.colcon_core.package_identification:_identify(/home/mehmet/workspace3/src/open_vins/config/euroc_mav) by extension 'ignore'
[0.685s] Level 1:colcon.colcon_core.package_identification:_identify(/home/mehmet/workspace3/src/open_vins/config/euroc_mav) by extension 'ignore_ament_install'
[0.686s] Level 1:colcon.colcon_core.package_identification:_identify(/home/mehmet/workspace3/src/open_vins/config/euroc_mav) by extensions ['colcon_pkg']
[0.686s] Level 1:colcon.colcon_core.package_identification:_identify(/home/mehmet/workspace3/src/open_vins/config/euroc_mav) by extension 'colcon_pkg'
[0.686s] Level 1:colcon.colcon_core.package_identification:_identify(/home/mehmet/workspace3/src/open_vins/config/euroc_mav) by extensions ['colcon_meta']
[0.686s] Level 1:colcon.colcon_core.package_identification:_identify(/home/mehmet/workspace3/src/open_vins/config/euroc_mav) by extension 'colcon_meta'
[0.686s] Level 1:colcon.colcon_core.package_identification:_identify(/home/mehmet/workspace3/src/open_vins/config/euroc_mav) by extensions ['ros']
[0.686s] Level 1:colcon.colcon_core.package_identification:_identify(/home/mehmet/workspace3/src/open_vins/config/euroc_mav) by extension 'ros'
[0.686s] Level 1:colcon.colcon_core.package_identification:_identify(/home/mehmet/workspace3/src/open_vins/config/euroc_mav) by extensions ['cmake', 'python']
[0.686s] Level 1:colcon.colcon_core.package_identification:_identify(/home/mehmet/workspace3/src/open_vins/config/euroc_mav) by extension 'cmake'
[0.686s] Level 1:colcon.colcon_core.package_identification:_identify(/home/mehmet/workspace3/src/open_vins/config/euroc_mav) by extension 'python'
[0.686s] Level 1:colcon.colcon_core.package_identification:_identify(/home/mehmet/workspace3/src/open_vins/config/euroc_mav) by extensions ['python_setup_py']
[0.686s] Level 1:colcon.colcon_core.package_identification:_identify(/home/mehmet/workspace3/src/open_vins/config/euroc_mav) by extension 'python_setup_py'
[0.686s] Level 1:colcon.colcon_core.package_identification:_identify(/home/mehmet/workspace3/src/open_vins/config/kaist) by extensions ['ignore', 'ignore_ament_install']
[0.686s] Level 1:colcon.colcon_core.package_identification:_identify(/home/mehmet/workspace3/src/open_vins/config/kaist) by extension 'ignore'
[0.686s] Level 1:colcon.colcon_core.package_identification:_identify(/home/mehmet/workspace3/src/open_vins/config/kaist) by extension 'ignore_ament_install'
[0.686s] Level 1:colcon.colcon_core.package_identification:_identify(/home/mehmet/workspace3/src/open_vins/config/kaist) by extensions ['colcon_pkg']
[0.687s] Level 1:colcon.colcon_core.package_identification:_identify(/home/mehmet/workspace3/src/open_vins/config/kaist) by extension 'colcon_pkg'
[0.687s] Level 1:colcon.colcon_core.package_identification:_identify(/home/mehmet/workspace3/src/open_vins/config/kaist) by extensions ['colcon_meta']
[0.687s] Level 1:colcon.colcon_core.package_identification:_identify(/home/mehmet/workspace3/src/open_vins/config/kaist) by extension 'colcon_meta'
[0.687s] Level 1:colcon.colcon_core.package_identification:_identify(/home/mehmet/workspace3/src/open_vins/config/kaist) by extensions ['ros']
[0.687s] Level 1:colcon.colcon_core.package_identification:_identify(/home/mehmet/workspace3/src/open_vins/config/kaist) by extension 'ros'
[0.687s] Level 1:colcon.colcon_core.package_identification:_identify(/home/mehmet/workspace3/src/open_vins/config/kaist) by extensions ['cmake', 'python']
[0.687s] Level 1:colcon.colcon_core.package_identification:_identify(/home/mehmet/workspace3/src/open_vins/config/kaist) by extension 'cmake'
[0.687s] Level 1:colcon.colcon_core.package_identification:_identify(/home/mehmet/workspace3/src/open_vins/config/kaist) by extension 'python'
[0.687s] Level 1:colcon.colcon_core.package_identification:_identify(/home/mehmet/workspace3/src/open_vins/config/kaist) by extensions ['python_setup_py']
[0.687s] Level 1:colcon.colcon_core.package_identification:_identify(/home/mehmet/workspace3/src/open_vins/config/kaist) by extension 'python_setup_py'
[0.687s] Level 1:colcon.colcon_core.package_identification:_identify(/home/mehmet/workspace3/src/open_vins/config/kaist_vio) by extensions ['ignore', 'ignore_ament_install']
[0.687s] Level 1:colcon.colcon_core.package_identification:_identify(/home/mehmet/workspace3/src/open_vins/config/kaist_vio) by extension 'ignore'
[0.687s] Level 1:colcon.colcon_core.package_identification:_identify(/home/mehmet/workspace3/src/open_vins/config/kaist_vio) by extension 'ignore_ament_install'
[0.687s] Level 1:colcon.colcon_core.package_identification:_identify(/home/mehmet/workspace3/src/open_vins/config/kaist_vio) by extensions ['colcon_pkg']
[0.687s] Level 1:colcon.colcon_core.package_identification:_identify(/home/mehmet/workspace3/src/open_vins/config/kaist_vio) by extension 'colcon_pkg'
[0.687s] Level 1:colcon.colcon_core.package_identification:_identify(/home/mehmet/workspace3/src/open_vins/config/kaist_vio) by extensions ['colcon_meta']
[0.687s] Level 1:colcon.colcon_core.package_identification:_identify(/home/mehmet/workspace3/src/open_vins/config/kaist_vio) by extension 'colcon_meta'
[0.687s] Level 1:colcon.colcon_core.package_identification:_identify(/home/mehmet/workspace3/src/open_vins/config/kaist_vio) by extensions ['ros']
[0.688s] Level 1:colcon.colcon_core.package_identification:_identify(/home/mehmet/workspace3/src/open_vins/config/kaist_vio) by extension 'ros'
[0.688s] Level 1:colcon.colcon_core.package_identification:_identify(/home/mehmet/workspace3/src/open_vins/config/kaist_vio) by extensions ['cmake', 'python']
[0.688s] Level 1:colcon.colcon_core.package_identification:_identify(/home/mehmet/workspace3/src/open_vins/config/kaist_vio) by extension 'cmake'
[0.688s] Level 1:colcon.colcon_core.package_identification:_identify(/home/mehmet/workspace3/src/open_vins/config/kaist_vio) by extension 'python'
[0.688s] Level 1:colcon.colcon_core.package_identification:_identify(/home/mehmet/workspace3/src/open_vins/config/kaist_vio) by extensions ['python_setup_py']
[0.688s] Level 1:colcon.colcon_core.package_identification:_identify(/home/mehmet/workspace3/src/open_vins/config/kaist_vio) by extension 'python_setup_py'
[0.688s] Level 1:colcon.colcon_core.package_identification:_identify(/home/mehmet/workspace3/src/open_vins/config/rpng_aruco) by extensions ['ignore', 'ignore_ament_install']
[0.688s] Level 1:colcon.colcon_core.package_identification:_identify(/home/mehmet/workspace3/src/open_vins/config/rpng_aruco) by extension 'ignore'
[0.688s] Level 1:colcon.colcon_core.package_identification:_identify(/home/mehmet/workspace3/src/open_vins/config/rpng_aruco) by extension 'ignore_ament_install'
[0.688s] Level 1:colcon.colcon_core.package_identification:_identify(/home/mehmet/workspace3/src/open_vins/config/rpng_aruco) by extensions ['colcon_pkg']
[0.688s] Level 1:colcon.colcon_core.package_identification:_identify(/home/mehmet/workspace3/src/open_vins/config/rpng_aruco) by extension 'colcon_pkg'
[0.688s] Level 1:colcon.colcon_core.package_identification:_identify(/home/mehmet/workspace3/src/open_vins/config/rpng_aruco) by extensions ['colcon_meta']
[0.688s] Level 1:colcon.colcon_core.package_identification:_identify(/home/mehmet/workspace3/src/open_vins/config/rpng_aruco) by extension 'colcon_meta'
[0.688s] Level 1:colcon.colcon_core.package_identification:_identify(/home/mehmet/workspace3/src/open_vins/config/rpng_aruco) by extensions ['ros']
[0.688s] Level 1:colcon.colcon_core.package_identification:_identify(/home/mehmet/workspace3/src/open_vins/config/rpng_aruco) by extension 'ros'
[0.688s] Level 1:colcon.colcon_core.package_identification:_identify(/home/mehmet/workspace3/src/open_vins/config/rpng_aruco) by extensions ['cmake', 'python']
[0.688s] Level 1:colcon.colcon_core.package_identification:_identify(/home/mehmet/workspace3/src/open_vins/config/rpng_aruco) by extension 'cmake'
[0.688s] Level 1:colcon.colcon_core.package_identification:_identify(/home/mehmet/workspace3/src/open_vins/config/rpng_aruco) by extension 'python'
[0.688s] Level 1:colcon.colcon_core.package_identification:_identify(/home/mehmet/workspace3/src/open_vins/config/rpng_aruco) by extensions ['python_setup_py']
[0.688s] Level 1:colcon.colcon_core.package_identification:_identify(/home/mehmet/workspace3/src/open_vins/config/rpng_aruco) by extension 'python_setup_py'
[0.689s] Level 1:colcon.colcon_core.package_identification:_identify(/home/mehmet/workspace3/src/open_vins/config/rpng_ironsides) by extensions ['ignore', 'ignore_ament_install']
[0.689s] Level 1:colcon.colcon_core.package_identification:_identify(/home/mehmet/workspace3/src/open_vins/config/rpng_ironsides) by extension 'ignore'
[0.689s] Level 1:colcon.colcon_core.package_identification:_identify(/home/mehmet/workspace3/src/open_vins/config/rpng_ironsides) by extension 'ignore_ament_install'
[0.689s] Level 1:colcon.colcon_core.package_identification:_identify(/home/mehmet/workspace3/src/open_vins/config/rpng_ironsides) by extensions ['colcon_pkg']
[0.689s] Level 1:colcon.colcon_core.package_identification:_identify(/home/mehmet/workspace3/src/open_vins/config/rpng_ironsides) by extension 'colcon_pkg'
[0.689s] Level 1:colcon.colcon_core.package_identification:_identify(/home/mehmet/workspace3/src/open_vins/config/rpng_ironsides) by extensions ['colcon_meta']
[0.689s] Level 1:colcon.colcon_core.package_identification:_identify(/home/mehmet/workspace3/src/open_vins/config/rpng_ironsides) by extension 'colcon_meta'
[0.689s] Level 1:colcon.colcon_core.package_identification:_identify(/home/mehmet/workspace3/src/open_vins/config/rpng_ironsides) by extensions ['ros']
[0.689s] Level 1:colcon.colcon_core.package_identification:_identify(/home/mehmet/workspace3/src/open_vins/config/rpng_ironsides) by extension 'ros'
[0.689s] Level 1:colcon.colcon_core.package_identification:_identify(/home/mehmet/workspace3/src/open_vins/config/rpng_ironsides) by extensions ['cmake', 'python']
[0.689s] Level 1:colcon.colcon_core.package_identification:_identify(/home/mehmet/workspace3/src/open_vins/config/rpng_ironsides) by extension 'cmake'
[0.689s] Level 1:colcon.colcon_core.package_identification:_identify(/home/mehmet/workspace3/src/open_vins/config/rpng_ironsides) by extension 'python'
[0.689s] Level 1:colcon.colcon_core.package_identification:_identify(/home/mehmet/workspace3/src/open_vins/config/rpng_ironsides) by extensions ['python_setup_py']
[0.689s] Level 1:colcon.colcon_core.package_identification:_identify(/home/mehmet/workspace3/src/open_vins/config/rpng_ironsides) by extension 'python_setup_py'
[0.689s] Level 1:colcon.colcon_core.package_identification:_identify(/home/mehmet/workspace3/src/open_vins/config/rpng_plane) by extensions ['ignore', 'ignore_ament_install']
[0.689s] Level 1:colcon.colcon_core.package_identification:_identify(/home/mehmet/workspace3/src/open_vins/config/rpng_plane) by extension 'ignore'
[0.689s] Level 1:colcon.colcon_core.package_identification:_identify(/home/mehmet/workspace3/src/open_vins/config/rpng_plane) by extension 'ignore_ament_install'
[0.690s] Level 1:colcon.colcon_core.package_identification:_identify(/home/mehmet/workspace3/src/open_vins/config/rpng_plane) by extensions ['colcon_pkg']
[0.690s] Level 1:colcon.colcon_core.package_identification:_identify(/home/mehmet/workspace3/src/open_vins/config/rpng_plane) by extension 'colcon_pkg'
[0.690s] Level 1:colcon.colcon_core.package_identification:_identify(/home/mehmet/workspace3/src/open_vins/config/rpng_plane) by extensions ['colcon_meta']
[0.690s] Level 1:colcon.colcon_core.package_identification:_identify(/home/mehmet/workspace3/src/open_vins/config/rpng_plane) by extension 'colcon_meta'
[0.690s] Level 1:colcon.colcon_core.package_identification:_identify(/home/mehmet/workspace3/src/open_vins/config/rpng_plane) by extensions ['ros']
[0.690s] Level 1:colcon.colcon_core.package_identification:_identify(/home/mehmet/workspace3/src/open_vins/config/rpng_plane) by extension 'ros'
[0.690s] Level 1:colcon.colcon_core.package_identification:_identify(/home/mehmet/workspace3/src/open_vins/config/rpng_plane) by extensions ['cmake', 'python']
[0.690s] Level 1:colcon.colcon_core.package_identification:_identify(/home/mehmet/workspace3/src/open_vins/config/rpng_plane) by extension 'cmake'
[0.690s] Level 1:colcon.colcon_core.package_identification:_identify(/home/mehmet/workspace3/src/open_vins/config/rpng_plane) by extension 'python'
[0.690s] Level 1:colcon.colcon_core.package_identification:_identify(/home/mehmet/workspace3/src/open_vins/config/rpng_plane) by extensions ['python_setup_py']
[0.690s] Level 1:colcon.colcon_core.package_identification:_identify(/home/mehmet/workspace3/src/open_vins/config/rpng_plane) by extension 'python_setup_py'
[0.690s] Level 1:colcon.colcon_core.package_identification:_identify(/home/mehmet/workspace3/src/open_vins/config/rpng_sim) by extensions ['ignore', 'ignore_ament_install']
[0.690s] Level 1:colcon.colcon_core.package_identification:_identify(/home/mehmet/workspace3/src/open_vins/config/rpng_sim) by extension 'ignore'
[0.690s] Level 1:colcon.colcon_core.package_identification:_identify(/home/mehmet/workspace3/src/open_vins/config/rpng_sim) by extension 'ignore_ament_install'
[0.690s] Level 1:colcon.colcon_core.package_identification:_identify(/home/mehmet/workspace3/src/open_vins/config/rpng_sim) by extensions ['colcon_pkg']
[0.690s] Level 1:colcon.colcon_core.package_identification:_identify(/home/mehmet/workspace3/src/open_vins/config/rpng_sim) by extension 'colcon_pkg'
[0.690s] Level 1:colcon.colcon_core.package_identification:_identify(/home/mehmet/workspace3/src/open_vins/config/rpng_sim) by extensions ['colcon_meta']
[0.690s] Level 1:colcon.colcon_core.package_identification:_identify(/home/mehmet/workspace3/src/open_vins/config/rpng_sim) by extension 'colcon_meta'
[0.690s] Level 1:colcon.colcon_core.package_identification:_identify(/home/mehmet/workspace3/src/open_vins/config/rpng_sim) by extensions ['ros']
[0.690s] Level 1:colcon.colcon_core.package_identification:_identify(/home/mehmet/workspace3/src/open_vins/config/rpng_sim) by extension 'ros'
[0.690s] Level 1:colcon.colcon_core.package_identification:_identify(/home/mehmet/workspace3/src/open_vins/config/rpng_sim) by extensions ['cmake', 'python']
[0.690s] Level 1:colcon.colcon_core.package_identification:_identify(/home/mehmet/workspace3/src/open_vins/config/rpng_sim) by extension 'cmake'
[0.691s] Level 1:colcon.colcon_core.package_identification:_identify(/home/mehmet/workspace3/src/open_vins/config/rpng_sim) by extension 'python'
[0.691s] Level 1:colcon.colcon_core.package_identification:_identify(/home/mehmet/workspace3/src/open_vins/config/rpng_sim) by extensions ['python_setup_py']
[0.691s] Level 1:colcon.colcon_core.package_identification:_identify(/home/mehmet/workspace3/src/open_vins/config/rpng_sim) by extension 'python_setup_py'
[0.691s] Level 1:colcon.colcon_core.package_identification:_identify(/home/mehmet/workspace3/src/open_vins/config/rs_d455) by extensions ['ignore', 'ignore_ament_install']
[0.691s] Level 1:colcon.colcon_core.package_identification:_identify(/home/mehmet/workspace3/src/open_vins/config/rs_d455) by extension 'ignore'
[0.691s] Level 1:colcon.colcon_core.package_identification:_identify(/home/mehmet/workspace3/src/open_vins/config/rs_d455) by extension 'ignore_ament_install'
[0.691s] Level 1:colcon.colcon_core.package_identification:_identify(/home/mehmet/workspace3/src/open_vins/config/rs_d455) by extensions ['colcon_pkg']
[0.691s] Level 1:colcon.colcon_core.package_identification:_identify(/home/mehmet/workspace3/src/open_vins/config/rs_d455) by extension 'colcon_pkg'
[0.691s] Level 1:colcon.colcon_core.package_identification:_identify(/home/mehmet/workspace3/src/open_vins/config/rs_d455) by extensions ['colcon_meta']
[0.691s] Level 1:colcon.colcon_core.package_identification:_identify(/home/mehmet/workspace3/src/open_vins/config/rs_d455) by extension 'colcon_meta'
[0.691s] Level 1:colcon.colcon_core.package_identification:_identify(/home/mehmet/workspace3/src/open_vins/config/rs_d455) by extensions ['ros']
[0.691s] Level 1:colcon.colcon_core.package_identification:_identify(/home/mehmet/workspace3/src/open_vins/config/rs_d455) by extension 'ros'
[0.691s] Level 1:colcon.colcon_core.package_identification:_identify(/home/mehmet/workspace3/src/open_vins/config/rs_d455) by extensions ['cmake', 'python']
[0.691s] Level 1:colcon.colcon_core.package_identification:_identify(/home/mehmet/workspace3/src/open_vins/config/rs_d455) by extension 'cmake'
[0.691s] Level 1:colcon.colcon_core.package_identification:_identify(/home/mehmet/workspace3/src/open_vins/config/rs_d455) by extension 'python'
[0.691s] Level 1:colcon.colcon_core.package_identification:_identify(/home/mehmet/workspace3/src/open_vins/config/rs_d455) by extensions ['python_setup_py']
[0.691s] Level 1:colcon.colcon_core.package_identification:_identify(/home/mehmet/workspace3/src/open_vins/config/rs_d455) by extension 'python_setup_py'
[0.692s] Level 1:colcon.colcon_core.package_identification:_identify(/home/mehmet/workspace3/src/open_vins/config/rs_t265) by extensions ['ignore', 'ignore_ament_install']
[0.692s] Level 1:colcon.colcon_core.package_identification:_identify(/home/mehmet/workspace3/src/open_vins/config/rs_t265) by extension 'ignore'
[0.692s] Level 1:colcon.colcon_core.package_identification:_identify(/home/mehmet/workspace3/src/open_vins/config/rs_t265) by extension 'ignore_ament_install'
[0.692s] Level 1:colcon.colcon_core.package_identification:_identify(/home/mehmet/workspace3/src/open_vins/config/rs_t265) by extensions ['colcon_pkg']
[0.692s] Level 1:colcon.colcon_core.package_identification:_identify(/home/mehmet/workspace3/src/open_vins/config/rs_t265) by extension 'colcon_pkg'
[0.692s] Level 1:colcon.colcon_core.package_identification:_identify(/home/mehmet/workspace3/src/open_vins/config/rs_t265) by extensions ['colcon_meta']
[0.692s] Level 1:colcon.colcon_core.package_identification:_identify(/home/mehmet/workspace3/src/open_vins/config/rs_t265) by extension 'colcon_meta'
[0.692s] Level 1:colcon.colcon_core.package_identification:_identify(/home/mehmet/workspace3/src/open_vins/config/rs_t265) by extensions ['ros']
[0.692s] Level 1:colcon.colcon_core.package_identification:_identify(/home/mehmet/workspace3/src/open_vins/config/rs_t265) by extension 'ros'
[0.692s] Level 1:colcon.colcon_core.package_identification:_identify(/home/mehmet/workspace3/src/open_vins/config/rs_t265) by extensions ['cmake', 'python']
[0.692s] Level 1:colcon.colcon_core.package_identification:_identify(/home/mehmet/workspace3/src/open_vins/config/rs_t265) by extension 'cmake'
[0.692s] Level 1:colcon.colcon_core.package_identification:_identify(/home/mehmet/workspace3/src/open_vins/config/rs_t265) by extension 'python'
[0.692s] Level 1:colcon.colcon_core.package_identification:_identify(/home/mehmet/workspace3/src/open_vins/config/rs_t265) by extensions ['python_setup_py']
[0.692s] Level 1:colcon.colcon_core.package_identification:_identify(/home/mehmet/workspace3/src/open_vins/config/rs_t265) by extension 'python_setup_py'
[0.692s] Level 1:colcon.colcon_core.package_identification:_identify(/home/mehmet/workspace3/src/open_vins/config/tum_vi) by extensions ['ignore', 'ignore_ament_install']
[0.692s] Level 1:colcon.colcon_core.package_identification:_identify(/home/mehmet/workspace3/src/open_vins/config/tum_vi) by extension 'ignore'
[0.693s] Level 1:colcon.colcon_core.package_identification:_identify(/home/mehmet/workspace3/src/open_vins/config/tum_vi) by extension 'ignore_ament_install'
[0.693s] Level 1:colcon.colcon_core.package_identification:_identify(/home/mehmet/workspace3/src/open_vins/config/tum_vi) by extensions ['colcon_pkg']
[0.693s] Level 1:colcon.colcon_core.package_identification:_identify(/home/mehmet/workspace3/src/open_vins/config/tum_vi) by extension 'colcon_pkg'
[0.693s] Level 1:colcon.colcon_core.package_identification:_identify(/home/mehmet/workspace3/src/open_vins/config/tum_vi) by extensions ['colcon_meta']
[0.693s] Level 1:colcon.colcon_core.package_identification:_identify(/home/mehmet/workspace3/src/open_vins/config/tum_vi) by extension 'colcon_meta'
[0.693s] Level 1:colcon.colcon_core.package_identification:_identify(/home/mehmet/workspace3/src/open_vins/config/tum_vi) by extensions ['ros']
[0.693s] Level 1:colcon.colcon_core.package_identification:_identify(/home/mehmet/workspace3/src/open_vins/config/tum_vi) by extension 'ros'
[0.693s] Level 1:colcon.colcon_core.package_identification:_identify(/home/mehmet/workspace3/src/open_vins/config/tum_vi) by extensions ['cmake', 'python']
[0.693s] Level 1:colcon.colcon_core.package_identification:_identify(/home/mehmet/workspace3/src/open_vins/config/tum_vi) by extension 'cmake'
[0.693s] Level 1:colcon.colcon_core.package_identification:_identify(/home/mehmet/workspace3/src/open_vins/config/tum_vi) by extension 'python'
[0.693s] Level 1:colcon.colcon_core.package_identification:_identify(/home/mehmet/workspace3/src/open_vins/config/tum_vi) by extensions ['python_setup_py']
[0.693s] Level 1:colcon.colcon_core.package_identification:_identify(/home/mehmet/workspace3/src/open_vins/config/tum_vi) by extension 'python_setup_py'
[0.693s] Level 1:colcon.colcon_core.package_identification:_identify(/home/mehmet/workspace3/src/open_vins/config/uzhfpv_indoor) by extensions ['ignore', 'ignore_ament_install']
[0.693s] Level 1:colcon.colcon_core.package_identification:_identify(/home/mehmet/workspace3/src/open_vins/config/uzhfpv_indoor) by extension 'ignore'
[0.693s] Level 1:colcon.colcon_core.package_identification:_identify(/home/mehmet/workspace3/src/open_vins/config/uzhfpv_indoor) by extension 'ignore_ament_install'
[0.693s] Level 1:colcon.colcon_core.package_identification:_identify(/home/mehmet/workspace3/src/open_vins/config/uzhfpv_indoor) by extensions ['colcon_pkg']
[0.693s] Level 1:colcon.colcon_core.package_identification:_identify(/home/mehmet/workspace3/src/open_vins/config/uzhfpv_indoor) by extension 'colcon_pkg'
[0.693s] Level 1:colcon.colcon_core.package_identification:_identify(/home/mehmet/workspace3/src/open_vins/config/uzhfpv_indoor) by extensions ['colcon_meta']
[0.693s] Level 1:colcon.colcon_core.package_identification:_identify(/home/mehmet/workspace3/src/open_vins/config/uzhfpv_indoor) by extension 'colcon_meta'
[0.694s] Level 1:colcon.colcon_core.package_identification:_identify(/home/mehmet/workspace3/src/open_vins/config/uzhfpv_indoor) by extensions ['ros']
[0.694s] Level 1:colcon.colcon_core.package_identification:_identify(/home/mehmet/workspace3/src/open_vins/config/uzhfpv_indoor) by extension 'ros'
[0.694s] Level 1:colcon.colcon_core.package_identification:_identify(/home/mehmet/workspace3/src/open_vins/config/uzhfpv_indoor) by extensions ['cmake', 'python']
[0.694s] Level 1:colcon.colcon_core.package_identification:_identify(/home/mehmet/workspace3/src/open_vins/config/uzhfpv_indoor) by extension 'cmake'
[0.694s] Level 1:colcon.colcon_core.package_identification:_identify(/home/mehmet/workspace3/src/open_vins/config/uzhfpv_indoor) by extension 'python'
[0.694s] Level 1:colcon.colcon_core.package_identification:_identify(/home/mehmet/workspace3/src/open_vins/config/uzhfpv_indoor) by extensions ['python_setup_py']
[0.694s] Level 1:colcon.colcon_core.package_identification:_identify(/home/mehmet/workspace3/src/open_vins/config/uzhfpv_indoor) by extension 'python_setup_py'
[0.694s] Level 1:colcon.colcon_core.package_identification:_identify(/home/mehmet/workspace3/src/open_vins/config/uzhfpv_indoor_45) by extensions ['ignore', 'ignore_ament_install']
[0.694s] Level 1:colcon.colcon_core.package_identification:_identify(/home/mehmet/workspace3/src/open_vins/config/uzhfpv_indoor_45) by extension 'ignore'
[0.694s] Level 1:colcon.colcon_core.package_identification:_identify(/home/mehmet/workspace3/src/open_vins/config/uzhfpv_indoor_45) by extension 'ignore_ament_install'
[0.694s] Level 1:colcon.colcon_core.package_identification:_identify(/home/mehmet/workspace3/src/open_vins/config/uzhfpv_indoor_45) by extensions ['colcon_pkg']
[0.694s] Level 1:colcon.colcon_core.package_identification:_identify(/home/mehmet/workspace3/src/open_vins/config/uzhfpv_indoor_45) by extension 'colcon_pkg'
[0.694s] Level 1:colcon.colcon_core.package_identification:_identify(/home/mehmet/workspace3/src/open_vins/config/uzhfpv_indoor_45) by extensions ['colcon_meta']
[0.694s] Level 1:colcon.colcon_core.package_identification:_identify(/home/mehmet/workspace3/src/open_vins/config/uzhfpv_indoor_45) by extension 'colcon_meta'
[0.694s] Level 1:colcon.colcon_core.package_identification:_identify(/home/mehmet/workspace3/src/open_vins/config/uzhfpv_indoor_45) by extensions ['ros']
[0.694s] Level 1:colcon.colcon_core.package_identification:_identify(/home/mehmet/workspace3/src/open_vins/config/uzhfpv_indoor_45) by extension 'ros'
[0.695s] Level 1:colcon.colcon_core.package_identification:_identify(/home/mehmet/workspace3/src/open_vins/config/uzhfpv_indoor_45) by extensions ['cmake', 'python']
[0.695s] Level 1:colcon.colcon_core.package_identification:_identify(/home/mehmet/workspace3/src/open_vins/config/uzhfpv_indoor_45) by extension 'cmake'
[0.695s] Level 1:colcon.colcon_core.package_identification:_identify(/home/mehmet/workspace3/src/open_vins/config/uzhfpv_indoor_45) by extension 'python'
[0.695s] Level 1:colcon.colcon_core.package_identification:_identify(/home/mehmet/workspace3/src/open_vins/config/uzhfpv_indoor_45) by extensions ['python_setup_py']
[0.695s] Level 1:colcon.colcon_core.package_identification:_identify(/home/mehmet/workspace3/src/open_vins/config/uzhfpv_indoor_45) by extension 'python_setup_py'
[0.695s] Level 1:colcon.colcon_core.package_identification:_identify(/home/mehmet/workspace3/src/open_vins/config/uzhfpv_outdoor) by extensions ['ignore', 'ignore_ament_install']
[0.695s] Level 1:colcon.colcon_core.package_identification:_identify(/home/mehmet/workspace3/src/open_vins/config/uzhfpv_outdoor) by extension 'ignore'
[0.695s] Level 1:colcon.colcon_core.package_identification:_identify(/home/mehmet/workspace3/src/open_vins/config/uzhfpv_outdoor) by extension 'ignore_ament_install'
[0.695s] Level 1:colcon.colcon_core.package_identification:_identify(/home/mehmet/workspace3/src/open_vins/config/uzhfpv_outdoor) by extensions ['colcon_pkg']
[0.695s] Level 1:colcon.colcon_core.package_identification:_identify(/home/mehmet/workspace3/src/open_vins/config/uzhfpv_outdoor) by extension 'colcon_pkg'
[0.695s] Level 1:colcon.colcon_core.package_identification:_identify(/home/mehmet/workspace3/src/open_vins/config/uzhfpv_outdoor) by extensions ['colcon_meta']
[0.695s] Level 1:colcon.colcon_core.package_identification:_identify(/home/mehmet/workspace3/src/open_vins/config/uzhfpv_outdoor) by extension 'colcon_meta'
[0.695s] Level 1:colcon.colcon_core.package_identification:_identify(/home/mehmet/workspace3/src/open_vins/config/uzhfpv_outdoor) by extensions ['ros']
[0.695s] Level 1:colcon.colcon_core.package_identification:_identify(/home/mehmet/workspace3/src/open_vins/config/uzhfpv_outdoor) by extension 'ros'
[0.695s] Level 1:colcon.colcon_core.package_identification:_identify(/home/mehmet/workspace3/src/open_vins/config/uzhfpv_outdoor) by extensions ['cmake', 'python']
[0.695s] Level 1:colcon.colcon_core.package_identification:_identify(/home/mehmet/workspace3/src/open_vins/config/uzhfpv_outdoor) by extension 'cmake'
[0.695s] Level 1:colcon.colcon_core.package_identification:_identify(/home/mehmet/workspace3/src/open_vins/config/uzhfpv_outdoor) by extension 'python'
[0.695s] Level 1:colcon.colcon_core.package_identification:_identify(/home/mehmet/workspace3/src/open_vins/config/uzhfpv_outdoor) by extensions ['python_setup_py']
[0.695s] Level 1:colcon.colcon_core.package_identification:_identify(/home/mehmet/workspace3/src/open_vins/config/uzhfpv_outdoor) by extension 'python_setup_py'
[0.696s] Level 1:colcon.colcon_core.package_identification:_identify(/home/mehmet/workspace3/src/open_vins/config/uzhfpv_outdoor_45) by extensions ['ignore', 'ignore_ament_install']
[0.696s] Level 1:colcon.colcon_core.package_identification:_identify(/home/mehmet/workspace3/src/open_vins/config/uzhfpv_outdoor_45) by extension 'ignore'
[0.696s] Level 1:colcon.colcon_core.package_identification:_identify(/home/mehmet/workspace3/src/open_vins/config/uzhfpv_outdoor_45) by extension 'ignore_ament_install'
[0.696s] Level 1:colcon.colcon_core.package_identification:_identify(/home/mehmet/workspace3/src/open_vins/config/uzhfpv_outdoor_45) by extensions ['colcon_pkg']
[0.696s] Level 1:colcon.colcon_core.package_identification:_identify(/home/mehmet/workspace3/src/open_vins/config/uzhfpv_outdoor_45) by extension 'colcon_pkg'
[0.696s] Level 1:colcon.colcon_core.package_identification:_identify(/home/mehmet/workspace3/src/open_vins/config/uzhfpv_outdoor_45) by extensions ['colcon_meta']
[0.696s] Level 1:colcon.colcon_core.package_identification:_identify(/home/mehmet/workspace3/src/open_vins/config/uzhfpv_outdoor_45) by extension 'colcon_meta'
[0.696s] Level 1:colcon.colcon_core.package_identification:_identify(/home/mehmet/workspace3/src/open_vins/config/uzhfpv_outdoor_45) by extensions ['ros']
[0.696s] Level 1:colcon.colcon_core.package_identification:_identify(/home/mehmet/workspace3/src/open_vins/config/uzhfpv_outdoor_45) by extension 'ros'
[0.696s] Level 1:colcon.colcon_core.package_identification:_identify(/home/mehmet/workspace3/src/open_vins/config/uzhfpv_outdoor_45) by extensions ['cmake', 'python']
[0.696s] Level 1:colcon.colcon_core.package_identification:_identify(/home/mehmet/workspace3/src/open_vins/config/uzhfpv_outdoor_45) by extension 'cmake'
[0.696s] Level 1:colcon.colcon_core.package_identification:_identify(/home/mehmet/workspace3/src/open_vins/config/uzhfpv_outdoor_45) by extension 'python'
[0.696s] Level 1:colcon.colcon_core.package_identification:_identify(/home/mehmet/workspace3/src/open_vins/config/uzhfpv_outdoor_45) by extensions ['python_setup_py']
[0.696s] Level 1:colcon.colcon_core.package_identification:_identify(/home/mehmet/workspace3/src/open_vins/config/uzhfpv_outdoor_45) by extension 'python_setup_py'
[0.696s] Level 1:colcon.colcon_core.package_identification:_identify(/home/mehmet/workspace3/src/open_vins/docs) by extensions ['ignore', 'ignore_ament_install']
[0.696s] Level 1:colcon.colcon_core.package_identification:_identify(/home/mehmet/workspace3/src/open_vins/docs) by extension 'ignore'
[0.696s] Level 1:colcon.colcon_core.package_identification:_identify(/home/mehmet/workspace3/src/open_vins/docs) by extension 'ignore_ament_install'
[0.696s] Level 1:colcon.colcon_core.package_identification:_identify(/home/mehmet/workspace3/src/open_vins/docs) by extensions ['colcon_pkg']
[0.697s] Level 1:colcon.colcon_core.package_identification:_identify(/home/mehmet/workspace3/src/open_vins/docs) by extension 'colcon_pkg'
[0.697s] Level 1:colcon.colcon_core.package_identification:_identify(/home/mehmet/workspace3/src/open_vins/docs) by extensions ['colcon_meta']
[0.697s] Level 1:colcon.colcon_core.package_identification:_identify(/home/mehmet/workspace3/src/open_vins/docs) by extension 'colcon_meta'
[0.697s] Level 1:colcon.colcon_core.package_identification:_identify(/home/mehmet/workspace3/src/open_vins/docs) by extensions ['ros']
[0.697s] Level 1:colcon.colcon_core.package_identification:_identify(/home/mehmet/workspace3/src/open_vins/docs) by extension 'ros'
[0.697s] Level 1:colcon.colcon_core.package_identification:_identify(/home/mehmet/workspace3/src/open_vins/docs) by extensions ['cmake', 'python']
[0.697s] Level 1:colcon.colcon_core.package_identification:_identify(/home/mehmet/workspace3/src/open_vins/docs) by extension 'cmake'
[0.697s] Level 1:colcon.colcon_core.package_identification:_identify(/home/mehmet/workspace3/src/open_vins/docs) by extension 'python'
[0.697s] Level 1:colcon.colcon_core.package_identification:_identify(/home/mehmet/workspace3/src/open_vins/docs) by extensions ['python_setup_py']
[0.697s] Level 1:colcon.colcon_core.package_identification:_identify(/home/mehmet/workspace3/src/open_vins/docs) by extension 'python_setup_py'
[0.697s] Level 1:colcon.colcon_core.package_identification:_identify(/home/mehmet/workspace3/src/open_vins/docs/bib) by extensions ['ignore', 'ignore_ament_install']
[0.697s] Level 1:colcon.colcon_core.package_identification:_identify(/home/mehmet/workspace3/src/open_vins/docs/bib) by extension 'ignore'
[0.697s] Level 1:colcon.colcon_core.package_identification:_identify(/home/mehmet/workspace3/src/open_vins/docs/bib) by extension 'ignore_ament_install'
[0.697s] Level 1:colcon.colcon_core.package_identification:_identify(/home/mehmet/workspace3/src/open_vins/docs/bib) by extensions ['colcon_pkg']
[0.697s] Level 1:colcon.colcon_core.package_identification:_identify(/home/mehmet/workspace3/src/open_vins/docs/bib) by extension 'colcon_pkg'
[0.697s] Level 1:colcon.colcon_core.package_identification:_identify(/home/mehmet/workspace3/src/open_vins/docs/bib) by extensions ['colcon_meta']
[0.697s] Level 1:colcon.colcon_core.package_identification:_identify(/home/mehmet/workspace3/src/open_vins/docs/bib) by extension 'colcon_meta'
[0.697s] Level 1:colcon.colcon_core.package_identification:_identify(/home/mehmet/workspace3/src/open_vins/docs/bib) by extensions ['ros']
[0.697s] Level 1:colcon.colcon_core.package_identification:_identify(/home/mehmet/workspace3/src/open_vins/docs/bib) by extension 'ros'
[0.697s] Level 1:colcon.colcon_core.package_identification:_identify(/home/mehmet/workspace3/src/open_vins/docs/bib) by extensions ['cmake', 'python']
[0.697s] Level 1:colcon.colcon_core.package_identification:_identify(/home/mehmet/workspace3/src/open_vins/docs/bib) by extension 'cmake'
[0.698s] Level 1:colcon.colcon_core.package_identification:_identify(/home/mehmet/workspace3/src/open_vins/docs/bib) by extension 'python'
[0.698s] Level 1:colcon.colcon_core.package_identification:_identify(/home/mehmet/workspace3/src/open_vins/docs/bib) by extensions ['python_setup_py']
[0.698s] Level 1:colcon.colcon_core.package_identification:_identify(/home/mehmet/workspace3/src/open_vins/docs/bib) by extension 'python_setup_py'
[0.698s] Level 1:colcon.colcon_core.package_identification:_identify(/home/mehmet/workspace3/src/open_vins/docs/css) by extensions ['ignore', 'ignore_ament_install']
[0.698s] Level 1:colcon.colcon_core.package_identification:_identify(/home/mehmet/workspace3/src/open_vins/docs/css) by extension 'ignore'
[0.698s] Level 1:colcon.colcon_core.package_identification:_identify(/home/mehmet/workspace3/src/open_vins/docs/css) by extension 'ignore_ament_install'
[0.698s] Level 1:colcon.colcon_core.package_identification:_identify(/home/mehmet/workspace3/src/open_vins/docs/css) by extensions ['colcon_pkg']
[0.698s] Level 1:colcon.colcon_core.package_identification:_identify(/home/mehmet/workspace3/src/open_vins/docs/css) by extension 'colcon_pkg'
[0.698s] Level 1:colcon.colcon_core.package_identification:_identify(/home/mehmet/workspace3/src/open_vins/docs/css) by extensions ['colcon_meta']
[0.698s] Level 1:colcon.colcon_core.package_identification:_identify(/home/mehmet/workspace3/src/open_vins/docs/css) by extension 'colcon_meta'
[0.698s] Level 1:colcon.colcon_core.package_identification:_identify(/home/mehmet/workspace3/src/open_vins/docs/css) by extensions ['ros']
[0.698s] Level 1:colcon.colcon_core.package_identification:_identify(/home/mehmet/workspace3/src/open_vins/docs/css) by extension 'ros'
[0.698s] Level 1:colcon.colcon_core.package_identification:_identify(/home/mehmet/workspace3/src/open_vins/docs/css) by extensions ['cmake', 'python']
[0.698s] Level 1:colcon.colcon_core.package_identification:_identify(/home/mehmet/workspace3/src/open_vins/docs/css) by extension 'cmake'
[0.698s] Level 1:colcon.colcon_core.package_identification:_identify(/home/mehmet/workspace3/src/open_vins/docs/css) by extension 'python'
[0.698s] Level 1:colcon.colcon_core.package_identification:_identify(/home/mehmet/workspace3/src/open_vins/docs/css) by extensions ['python_setup_py']
[0.698s] Level 1:colcon.colcon_core.package_identification:_identify(/home/mehmet/workspace3/src/open_vins/docs/css) by extension 'python_setup_py'
[0.698s] Level 1:colcon.colcon_core.package_identification:_identify(/home/mehmet/workspace3/src/open_vins/docs/img) by extensions ['ignore', 'ignore_ament_install']
[0.699s] Level 1:colcon.colcon_core.package_identification:_identify(/home/mehmet/workspace3/src/open_vins/docs/img) by extension 'ignore'
[0.699s] Level 1:colcon.colcon_core.package_identification:_identify(/home/mehmet/workspace3/src/open_vins/docs/img) by extension 'ignore_ament_install'
[0.699s] Level 1:colcon.colcon_core.package_identification:_identify(/home/mehmet/workspace3/src/open_vins/docs/img) by extensions ['colcon_pkg']
[0.699s] Level 1:colcon.colcon_core.package_identification:_identify(/home/mehmet/workspace3/src/open_vins/docs/img) by extension 'colcon_pkg'
[0.699s] Level 1:colcon.colcon_core.package_identification:_identify(/home/mehmet/workspace3/src/open_vins/docs/img) by extensions ['colcon_meta']
[0.699s] Level 1:colcon.colcon_core.package_identification:_identify(/home/mehmet/workspace3/src/open_vins/docs/img) by extension 'colcon_meta'
[0.699s] Level 1:colcon.colcon_core.package_identification:_identify(/home/mehmet/workspace3/src/open_vins/docs/img) by extensions ['ros']
[0.699s] Level 1:colcon.colcon_core.package_identification:_identify(/home/mehmet/workspace3/src/open_vins/docs/img) by extension 'ros'
[0.699s] Level 1:colcon.colcon_core.package_identification:_identify(/home/mehmet/workspace3/src/open_vins/docs/img) by extensions ['cmake', 'python']
[0.699s] Level 1:colcon.colcon_core.package_identification:_identify(/home/mehmet/workspace3/src/open_vins/docs/img) by extension 'cmake'
[0.699s] Level 1:colcon.colcon_core.package_identification:_identify(/home/mehmet/workspace3/src/open_vins/docs/img) by extension 'python'
[0.699s] Level 1:colcon.colcon_core.package_identification:_identify(/home/mehmet/workspace3/src/open_vins/docs/img) by extensions ['python_setup_py']
[0.699s] Level 1:colcon.colcon_core.package_identification:_identify(/home/mehmet/workspace3/src/open_vins/docs/img) by extension 'python_setup_py'
[0.699s] Level 1:colcon.colcon_core.package_identification:_identify(/home/mehmet/workspace3/src/open_vins/docs/img/datasets) by extensions ['ignore', 'ignore_ament_install']
[0.699s] Level 1:colcon.colcon_core.package_identification:_identify(/home/mehmet/workspace3/src/open_vins/docs/img/datasets) by extension 'ignore'
[0.699s] Level 1:colcon.colcon_core.package_identification:_identify(/home/mehmet/workspace3/src/open_vins/docs/img/datasets) by extension 'ignore_ament_install'
[0.699s] Level 1:colcon.colcon_core.package_identification:_identify(/home/mehmet/workspace3/src/open_vins/docs/img/datasets) by extensions ['colcon_pkg']
[0.699s] Level 1:colcon.colcon_core.package_identification:_identify(/home/mehmet/workspace3/src/open_vins/docs/img/datasets) by extension 'colcon_pkg'
[0.699s] Level 1:colcon.colcon_core.package_identification:_identify(/home/mehmet/workspace3/src/open_vins/docs/img/datasets) by extensions ['colcon_meta']
[0.699s] Level 1:colcon.colcon_core.package_identification:_identify(/home/mehmet/workspace3/src/open_vins/docs/img/datasets) by extension 'colcon_meta'
[0.699s] Level 1:colcon.colcon_core.package_identification:_identify(/home/mehmet/workspace3/src/open_vins/docs/img/datasets) by extensions ['ros']
[0.700s] Level 1:colcon.colcon_core.package_identification:_identify(/home/mehmet/workspace3/src/open_vins/docs/img/datasets) by extension 'ros'
[0.700s] Level 1:colcon.colcon_core.package_identification:_identify(/home/mehmet/workspace3/src/open_vins/docs/img/datasets) by extensions ['cmake', 'python']
[0.700s] Level 1:colcon.colcon_core.package_identification:_identify(/home/mehmet/workspace3/src/open_vins/docs/img/datasets) by extension 'cmake'
[0.700s] Level 1:colcon.colcon_core.package_identification:_identify(/home/mehmet/workspace3/src/open_vins/docs/img/datasets) by extension 'python'
[0.700s] Level 1:colcon.colcon_core.package_identification:_identify(/home/mehmet/workspace3/src/open_vins/docs/img/datasets) by extensions ['python_setup_py']
[0.700s] Level 1:colcon.colcon_core.package_identification:_identify(/home/mehmet/workspace3/src/open_vins/docs/img/datasets) by extension 'python_setup_py'
[0.700s] Level 1:colcon.colcon_core.package_identification:_identify(/home/mehmet/workspace3/src/open_vins/docs/img/eval) by extensions ['ignore', 'ignore_ament_install']
[0.700s] Level 1:colcon.colcon_core.package_identification:_identify(/home/mehmet/workspace3/src/open_vins/docs/img/eval) by extension 'ignore'
[0.700s] Level 1:colcon.colcon_core.package_identification:_identify(/home/mehmet/workspace3/src/open_vins/docs/img/eval) by extension 'ignore_ament_install'
[0.700s] Level 1:colcon.colcon_core.package_identification:_identify(/home/mehmet/workspace3/src/open_vins/docs/img/eval) by extensions ['colcon_pkg']
[0.700s] Level 1:colcon.colcon_core.package_identification:_identify(/home/mehmet/workspace3/src/open_vins/docs/img/eval) by extension 'colcon_pkg'
[0.700s] Level 1:colcon.colcon_core.package_identification:_identify(/home/mehmet/workspace3/src/open_vins/docs/img/eval) by extensions ['colcon_meta']
[0.700s] Level 1:colcon.colcon_core.package_identification:_identify(/home/mehmet/workspace3/src/open_vins/docs/img/eval) by extension 'colcon_meta'
[0.700s] Level 1:colcon.colcon_core.package_identification:_identify(/home/mehmet/workspace3/src/open_vins/docs/img/eval) by extensions ['ros']
[0.700s] Level 1:colcon.colcon_core.package_identification:_identify(/home/mehmet/workspace3/src/open_vins/docs/img/eval) by extension 'ros'
[0.700s] Level 1:colcon.colcon_core.package_identification:_identify(/home/mehmet/workspace3/src/open_vins/docs/img/eval) by extensions ['cmake', 'python']
[0.700s] Level 1:colcon.colcon_core.package_identification:_identify(/home/mehmet/workspace3/src/open_vins/docs/img/eval) by extension 'cmake'
[0.701s] Level 1:colcon.colcon_core.package_identification:_identify(/home/mehmet/workspace3/src/open_vins/docs/img/eval) by extension 'python'
[0.701s] Level 1:colcon.colcon_core.package_identification:_identify(/home/mehmet/workspace3/src/open_vins/docs/img/eval) by extensions ['python_setup_py']
[0.701s] Level 1:colcon.colcon_core.package_identification:_identify(/home/mehmet/workspace3/src/open_vins/docs/img/eval) by extension 'python_setup_py'
[0.701s] Level 1:colcon.colcon_core.package_identification:_identify(/home/mehmet/workspace3/src/open_vins/docs/mcss_theme) by extensions ['ignore', 'ignore_ament_install']
[0.701s] Level 1:colcon.colcon_core.package_identification:_identify(/home/mehmet/workspace3/src/open_vins/docs/mcss_theme) by extension 'ignore'
[0.701s] Level 1:colcon.colcon_core.package_identification:_identify(/home/mehmet/workspace3/src/open_vins/docs/mcss_theme) by extension 'ignore_ament_install'
[0.701s] Level 1:colcon.colcon_core.package_identification:_identify(/home/mehmet/workspace3/src/open_vins/docs/mcss_theme) by extensions ['colcon_pkg']
[0.701s] Level 1:colcon.colcon_core.package_identification:_identify(/home/mehmet/workspace3/src/open_vins/docs/mcss_theme) by extension 'colcon_pkg'
[0.701s] Level 1:colcon.colcon_core.package_identification:_identify(/home/mehmet/workspace3/src/open_vins/docs/mcss_theme) by extensions ['colcon_meta']
[0.701s] Level 1:colcon.colcon_core.package_identification:_identify(/home/mehmet/workspace3/src/open_vins/docs/mcss_theme) by extension 'colcon_meta'
[0.701s] Level 1:colcon.colcon_core.package_identification:_identify(/home/mehmet/workspace3/src/open_vins/docs/mcss_theme) by extensions ['ros']
[0.701s] Level 1:colcon.colcon_core.package_identification:_identify(/home/mehmet/workspace3/src/open_vins/docs/mcss_theme) by extension 'ros'
[0.701s] Level 1:colcon.colcon_core.package_identification:_identify(/home/mehmet/workspace3/src/open_vins/docs/mcss_theme) by extensions ['cmake', 'python']
[0.701s] Level 1:colcon.colcon_core.package_identification:_identify(/home/mehmet/workspace3/src/open_vins/docs/mcss_theme) by extension 'cmake'
[0.701s] Level 1:colcon.colcon_core.package_identification:_identify(/home/mehmet/workspace3/src/open_vins/docs/mcss_theme) by extension 'python'
[0.701s] Level 1:colcon.colcon_core.package_identification:_identify(/home/mehmet/workspace3/src/open_vins/docs/mcss_theme) by extensions ['python_setup_py']
[0.701s] Level 1:colcon.colcon_core.package_identification:_identify(/home/mehmet/workspace3/src/open_vins/docs/mcss_theme) by extension 'python_setup_py'
[0.702s] Level 1:colcon.colcon_core.package_identification:_identify(/home/mehmet/workspace3/src/open_vins/docs/youtube) by extensions ['ignore', 'ignore_ament_install']
[0.702s] Level 1:colcon.colcon_core.package_identification:_identify(/home/mehmet/workspace3/src/open_vins/docs/youtube) by extension 'ignore'
[0.702s] Level 1:colcon.colcon_core.package_identification:_identify(/home/mehmet/workspace3/src/open_vins/docs/youtube) by extension 'ignore_ament_install'
[0.702s] Level 1:colcon.colcon_core.package_identification:_identify(/home/mehmet/workspace3/src/open_vins/docs/youtube) by extensions ['colcon_pkg']
[0.702s] Level 1:colcon.colcon_core.package_identification:_identify(/home/mehmet/workspace3/src/open_vins/docs/youtube) by extension 'colcon_pkg'
[0.702s] Level 1:colcon.colcon_core.package_identification:_identify(/home/mehmet/workspace3/src/open_vins/docs/youtube) by extensions ['colcon_meta']
[0.702s] Level 1:colcon.colcon_core.package_identification:_identify(/home/mehmet/workspace3/src/open_vins/docs/youtube) by extension 'colcon_meta'
[0.702s] Level 1:colcon.colcon_core.package_identification:_identify(/home/mehmet/workspace3/src/open_vins/docs/youtube) by extensions ['ros']
[0.702s] Level 1:colcon.colcon_core.package_identification:_identify(/home/mehmet/workspace3/src/open_vins/docs/youtube) by extension 'ros'
[0.702s] Level 1:colcon.colcon_core.package_identification:_identify(/home/mehmet/workspace3/src/open_vins/docs/youtube) by extensions ['cmake', 'python']
[0.702s] Level 1:colcon.colcon_core.package_identification:_identify(/home/mehmet/workspace3/src/open_vins/docs/youtube) by extension 'cmake'
[0.702s] Level 1:colcon.colcon_core.package_identification:_identify(/home/mehmet/workspace3/src/open_vins/docs/youtube) by extension 'python'
[0.702s] Level 1:colcon.colcon_core.package_identification:_identify(/home/mehmet/workspace3/src/open_vins/docs/youtube) by extensions ['python_setup_py']
[0.702s] Level 1:colcon.colcon_core.package_identification:_identify(/home/mehmet/workspace3/src/open_vins/docs/youtube) by extension 'python_setup_py'
[0.702s] Level 1:colcon.colcon_core.package_identification:_identify(/home/mehmet/workspace3/src/open_vins/log) by extensions ['ignore', 'ignore_ament_install']
[0.702s] Level 1:colcon.colcon_core.package_identification:_identify(/home/mehmet/workspace3/src/open_vins/log) by extension 'ignore'
[0.703s] Level 1:colcon.colcon_core.package_identification:_identify(/home/mehmet/workspace3/src/open_vins/log) ignored
[0.703s] Level 1:colcon.colcon_core.package_identification:_identify(/home/mehmet/workspace3/src/open_vins/ov_core) by extensions ['ignore', 'ignore_ament_install']
[0.703s] Level 1:colcon.colcon_core.package_identification:_identify(/home/mehmet/workspace3/src/open_vins/ov_core) by extension 'ignore'
[0.703s] Level 1:colcon.colcon_core.package_identification:_identify(/home/mehmet/workspace3/src/open_vins/ov_core) by extension 'ignore_ament_install'
[0.703s] Level 1:colcon.colcon_core.package_identification:_identify(/home/mehmet/workspace3/src/open_vins/ov_core) by extensions ['colcon_pkg']
[0.703s] Level 1:colcon.colcon_core.package_identification:_identify(/home/mehmet/workspace3/src/open_vins/ov_core) by extension 'colcon_pkg'
[0.703s] Level 1:colcon.colcon_core.package_identification:_identify(/home/mehmet/workspace3/src/open_vins/ov_core) by extensions ['colcon_meta']
[0.703s] Level 1:colcon.colcon_core.package_identification:_identify(/home/mehmet/workspace3/src/open_vins/ov_core) by extension 'colcon_meta'
[0.703s] Level 1:colcon.colcon_core.package_identification:_identify(/home/mehmet/workspace3/src/open_vins/ov_core) by extensions ['ros']
[0.703s] Level 1:colcon.colcon_core.package_identification:_identify(/home/mehmet/workspace3/src/open_vins/ov_core) by extension 'ros'
[0.713s] DEBUG:colcon.colcon_core.package_identification:Package '/home/mehmet/workspace3/src/open_vins/ov_core' with type 'ros.ament_cmake' and name 'ov_core'
[0.713s] Level 1:colcon.colcon_core.package_identification:_identify(/home/mehmet/workspace3/src/open_vins/ov_data) by extensions ['ignore', 'ignore_ament_install']
[0.713s] Level 1:colcon.colcon_core.package_identification:_identify(/home/mehmet/workspace3/src/open_vins/ov_data) by extension 'ignore'
[0.713s] Level 1:colcon.colcon_core.package_identification:_identify(/home/mehmet/workspace3/src/open_vins/ov_data) by extension 'ignore_ament_install'
[0.713s] Level 1:colcon.colcon_core.package_identification:_identify(/home/mehmet/workspace3/src/open_vins/ov_data) by extensions ['colcon_pkg']
[0.713s] Level 1:colcon.colcon_core.package_identification:_identify(/home/mehmet/workspace3/src/open_vins/ov_data) by extension 'colcon_pkg'
[0.713s] Level 1:colcon.colcon_core.package_identification:_identify(/home/mehmet/workspace3/src/open_vins/ov_data) by extensions ['colcon_meta']
[0.713s] Level 1:colcon.colcon_core.package_identification:_identify(/home/mehmet/workspace3/src/open_vins/ov_data) by extension 'colcon_meta'
[0.713s] Level 1:colcon.colcon_core.package_identification:_identify(/home/mehmet/workspace3/src/open_vins/ov_data) by extensions ['ros']
[0.713s] Level 1:colcon.colcon_core.package_identification:_identify(/home/mehmet/workspace3/src/open_vins/ov_data) by extension 'ros'
[0.715s] DEBUG:colcon.colcon_core.package_identification:Package '/home/mehmet/workspace3/src/open_vins/ov_data' with type 'ros.ament_cmake' and name 'ov_data'
[0.715s] Level 1:colcon.colcon_core.package_identification:_identify(/home/mehmet/workspace3/src/open_vins/ov_eval) by extensions ['ignore', 'ignore_ament_install']
[0.715s] Level 1:colcon.colcon_core.package_identification:_identify(/home/mehmet/workspace3/src/open_vins/ov_eval) by extension 'ignore'
[0.715s] Level 1:colcon.colcon_core.package_identification:_identify(/home/mehmet/workspace3/src/open_vins/ov_eval) by extension 'ignore_ament_install'
[0.715s] Level 1:colcon.colcon_core.package_identification:_identify(/home/mehmet/workspace3/src/open_vins/ov_eval) by extensions ['colcon_pkg']
[0.715s] Level 1:colcon.colcon_core.package_identification:_identify(/home/mehmet/workspace3/src/open_vins/ov_eval) by extension 'colcon_pkg'
[0.715s] Level 1:colcon.colcon_core.package_identification:_identify(/home/mehmet/workspace3/src/open_vins/ov_eval) by extensions ['colcon_meta']
[0.715s] Level 1:colcon.colcon_core.package_identification:_identify(/home/mehmet/workspace3/src/open_vins/ov_eval) by extension 'colcon_meta'
[0.715s] Level 1:colcon.colcon_core.package_identification:_identify(/home/mehmet/workspace3/src/open_vins/ov_eval) by extensions ['ros']
[0.715s] Level 1:colcon.colcon_core.package_identification:_identify(/home/mehmet/workspace3/src/open_vins/ov_eval) by extension 'ros'
[0.723s] DEBUG:colcon.colcon_core.package_identification:Package '/home/mehmet/workspace3/src/open_vins/ov_eval' with type 'ros.ament_cmake' and name 'ov_eval'
[0.724s] Level 1:colcon.colcon_core.package_identification:_identify(/home/mehmet/workspace3/src/open_vins/ov_init) by extensions ['ignore', 'ignore_ament_install']
[0.724s] Level 1:colcon.colcon_core.package_identification:_identify(/home/mehmet/workspace3/src/open_vins/ov_init) by extension 'ignore'
[0.724s] Level 1:colcon.colcon_core.package_identification:_identify(/home/mehmet/workspace3/src/open_vins/ov_init) by extension 'ignore_ament_install'
[0.724s] Level 1:colcon.colcon_core.package_identification:_identify(/home/mehmet/workspace3/src/open_vins/ov_init) by extensions ['colcon_pkg']
[0.724s] Level 1:colcon.colcon_core.package_identification:_identify(/home/mehmet/workspace3/src/open_vins/ov_init) by extension 'colcon_pkg'
[0.724s] Level 1:colcon.colcon_core.package_identification:_identify(/home/mehmet/workspace3/src/open_vins/ov_init) by extensions ['colcon_meta']
[0.724s] Level 1:colcon.colcon_core.package_identification:_identify(/home/mehmet/workspace3/src/open_vins/ov_init) by extension 'colcon_meta'
[0.724s] Level 1:colcon.colcon_core.package_identification:_identify(/home/mehmet/workspace3/src/open_vins/ov_init) by extensions ['ros']
[0.724s] Level 1:colcon.colcon_core.package_identification:_identify(/home/mehmet/workspace3/src/open_vins/ov_init) by extension 'ros'
[0.730s] DEBUG:colcon.colcon_core.package_identification:Package '/home/mehmet/workspace3/src/open_vins/ov_init' with type 'ros.ament_cmake' and name 'ov_init'
[0.730s] Level 1:colcon.colcon_core.package_identification:_identify(/home/mehmet/workspace3/src/open_vins/ov_msckf) by extensions ['ignore', 'ignore_ament_install']
[0.730s] Level 1:colcon.colcon_core.package_identification:_identify(/home/mehmet/workspace3/src/open_vins/ov_msckf) by extension 'ignore'
[0.730s] Level 1:colcon.colcon_core.package_identification:_identify(/home/mehmet/workspace3/src/open_vins/ov_msckf) by extension 'ignore_ament_install'
[0.731s] Level 1:colcon.colcon_core.package_identification:_identify(/home/mehmet/workspace3/src/open_vins/ov_msckf) by extensions ['colcon_pkg']
[0.731s] Level 1:colcon.colcon_core.package_identification:_identify(/home/mehmet/workspace3/src/open_vins/ov_msckf) by extension 'colcon_pkg'
[0.731s] Level 1:colcon.colcon_core.package_identification:_identify(/home/mehmet/workspace3/src/open_vins/ov_msckf) by extensions ['colcon_meta']
[0.731s] Level 1:colcon.colcon_core.package_identification:_identify(/home/mehmet/workspace3/src/open_vins/ov_msckf) by extension 'colcon_meta'
[0.731s] Level 1:colcon.colcon_core.package_identification:_identify(/home/mehmet/workspace3/src/open_vins/ov_msckf) by extensions ['ros']
[0.731s] Level 1:colcon.colcon_core.package_identification:_identify(/home/mehmet/workspace3/src/open_vins/ov_msckf) by extension 'ros'
[0.749s] DEBUG:colcon.colcon_core.package_identification:Package '/home/mehmet/workspace3/src/open_vins/ov_msckf' with type 'ros.ament_cmake' and name 'ov_msckf'
[0.749s] Level 1:colcon.colcon_core.package_discovery:discover_packages(recursive) using defaults
